<?xml version="1.0" encoding="UTF-8"?>
<testng-results skipped="0" failed="0" ignored="0" total="1" passed="1">
  <reporter-output>
  </reporter-output>
  <suite name="Default suite" duration-ms="9220" started-at="2020-02-19T23:31:29 IST" finished-at="2020-02-19T23:31:38 IST">
    <groups>
    </groups>
    <test name="Default test" duration-ms="9220" started-at="2020-02-19T23:31:29 IST" finished-at="2020-02-19T23:31:38 IST">
      <class name="gradledemo.basictest">
        <test-method status="PASS" signature="key()[pri:0, instance:gradledemo.basictest@3fd7a715]" name="key" duration-ms="9129" started-at="2020-02-19T23:31:29 IST" finished-at="2020-02-19T23:31:38 IST">
          <reporter-output>
          </reporter-output>
        </test-method> <!-- key -->
      </class> <!-- gradledemo.basictest -->
    </test> <!-- Default test -->
  </suite> <!-- Default suite -->
</testng-results>
